d:\studyspace\githouse\littledemo\02datastructuresandalgorithms\cppdatastructuresandalgorithms\bin\intermediates\win32\debug\vc142.pdb
d:\studyspace\githouse\littledemo\02datastructuresandalgorithms\cppdatastructuresandalgorithms\bin\intermediates\win32\debug\vc142.idb
d:\studyspace\githouse\littledemo\02datastructuresandalgorithms\cppdatastructuresandalgorithms\bin\intermediates\win32\debug\testmatrix.obj
d:\studyspace\githouse\littledemo\02datastructuresandalgorithms\cppdatastructuresandalgorithms\bin\win32\debug\matrix.exe
d:\studyspace\githouse\littledemo\02datastructuresandalgorithms\cppdatastructuresandalgorithms\bin\win32\debug\matrix.ilk
d:\studyspace\githouse\littledemo\02datastructuresandalgorithms\cppdatastructuresandalgorithms\bin\win32\debug\matrix.pdb
d:\studyspace\githouse\littledemo\02datastructuresandalgorithms\cppdatastructuresandalgorithms\bin\intermediates\win32\debug\testarraylist.obj
d:\studyspace\githouse\littledemo\02datastructuresandalgorithms\cppdatastructuresandalgorithms\bin\intermediates\win32\debug\testarraystack.obj
d:\studyspace\githouse\littledemo\02datastructuresandalgorithms\cppdatastructuresandalgorithms\bin\intermediates\win32\debug\testdoublycircularlinkedlist.obj
d:\studyspace\githouse\littledemo\02datastructuresandalgorithms\cppdatastructuresandalgorithms\bin\intermediates\win32\debug\testdoublylinkedlist.obj
d:\studyspace\githouse\littledemo\02datastructuresandalgorithms\cppdatastructuresandalgorithms\bin\intermediates\win32\debug\testlinkedstack.obj
d:\studyspace\githouse\littledemo\02datastructuresandalgorithms\cppdatastructuresandalgorithms\bin\intermediates\win32\debug\testsinglecircularlinkedlist.obj
d:\studyspace\githouse\littledemo\02datastructuresandalgorithms\cppdatastructuresandalgorithms\bin\intermediates\win32\debug\testsinglelinkedlist.obj
d:\studyspace\githouse\littledemo\02datastructuresandalgorithms\cppdatastructuresandalgorithms\bin\intermediates\win32\debug\testvectorlist.obj
d:\studyspace\githouse\littledemo\02datastructuresandalgorithms\cppdatastructuresandalgorithms\bin\intermediates\win32\debug\testarraylist.obj.enc
d:\studyspace\githouse\littledemo\02datastructuresandalgorithms\cppdatastructuresandalgorithms\bin\intermediates\win32\debug\testdoublylinkedlist.obj.enc
d:\studyspace\githouse\littledemo\02datastructuresandalgorithms\cppdatastructuresandalgorithms\bin\intermediates\win32\debug\testmatrix.obj.enc
d:\studyspace\githouse\littledemo\02datastructuresandalgorithms\cppdatastructuresandalgorithms\bin\intermediates\win32\debug\testsinglecircularlinkedlist.obj.enc
d:\studyspace\githouse\littledemo\02datastructuresandalgorithms\cppdatastructuresandalgorithms\bin\intermediates\win32\debug\matrix.tlog\cl.command.1.tlog
d:\studyspace\githouse\littledemo\02datastructuresandalgorithms\cppdatastructuresandalgorithms\bin\intermediates\win32\debug\matrix.tlog\cl.read.1.tlog
d:\studyspace\githouse\littledemo\02datastructuresandalgorithms\cppdatastructuresandalgorithms\bin\intermediates\win32\debug\matrix.tlog\cl.write.1.tlog
d:\studyspace\githouse\littledemo\02datastructuresandalgorithms\cppdatastructuresandalgorithms\bin\intermediates\win32\debug\matrix.tlog\link.command.1.tlog
d:\studyspace\githouse\littledemo\02datastructuresandalgorithms\cppdatastructuresandalgorithms\bin\intermediates\win32\debug\matrix.tlog\link.read.1.tlog
d:\studyspace\githouse\littledemo\02datastructuresandalgorithms\cppdatastructuresandalgorithms\bin\intermediates\win32\debug\matrix.tlog\link.write.1.tlog
